2022-11-16 02:14:09,012 - root - INFO - Task Started
2022-11-16 02:14:09,012 - root - INFO - [1/1] Data Preparing - Start
2022-11-16 02:14:20,158 - data - INFO - Train Dataset Info
2022-11-16 02:14:20,158 - data - INFO -  * Num. Users    : 7442
2022-11-16 02:14:20,158 - data - INFO -  * Max. UserID   : 7441
2022-11-16 02:14:20,158 - data - INFO -  * Num. Items    : 9454
2022-11-16 02:14:20,158 - data - INFO -  * Num. Records  : 2475962
2022-11-16 02:14:20,159 - data - INFO - Test Dataset Info
2022-11-16 02:14:20,159 - data - INFO -  * Num. Users    : 744
2022-11-16 02:14:20,159 - data - INFO -  * Max. UserID   : 7439
2022-11-16 02:14:20,159 - data - INFO -  * Num. Items    : 444
2022-11-16 02:14:20,159 - data - INFO -  * Num. Records  : 744
2022-11-16 02:14:20,248 - root - INFO - [1/1] Data Preparing - Done
2022-11-16 02:14:20,248 - root - INFO - [2/2] Model Building - Start
2022-11-16 02:14:20,264 - build - INFO - No load model
2022-11-16 02:14:20,267 - root - INFO - [2/2] Model Building - Done
2022-11-16 02:14:20,267 - root - INFO - [3/3] Model Training - Start
2022-11-16 02:14:20,358 - train - INFO - Training Started : n_epoch=20
2022-11-16 02:14:20,392 - train - INFO -  * In epoch 0001, loss=0.693, acc=0.494, AUC=0.533
2022-11-16 02:14:20,392 - train - INFO -  * In epoch 0001, loss=0.693, acc=0.494, AUC=0.533, Best AUC
2022-11-16 02:14:20,432 - train - INFO -  * In epoch 0002, loss=0.693, acc=0.508, AUC=0.551
2022-11-16 02:14:20,433 - train - INFO -  * In epoch 0002, loss=0.693, acc=0.508, AUC=0.551, Best AUC
2022-11-16 02:14:20,481 - train - INFO -  * In epoch 0003, loss=0.693, acc=0.531, AUC=0.569
2022-11-16 02:14:20,482 - train - INFO -  * In epoch 0003, loss=0.693, acc=0.531, AUC=0.569, Best AUC
2022-11-16 02:14:20,529 - train - INFO -  * In epoch 0004, loss=0.693, acc=0.551, AUC=0.588
2022-11-16 02:14:20,530 - train - INFO -  * In epoch 0004, loss=0.693, acc=0.551, AUC=0.588, Best AUC
2022-11-16 02:14:20,574 - train - INFO -  * In epoch 0005, loss=0.693, acc=0.563, AUC=0.607
2022-11-16 02:14:20,575 - train - INFO -  * In epoch 0005, loss=0.693, acc=0.563, AUC=0.607, Best AUC
2022-11-16 02:14:20,621 - train - INFO -  * In epoch 0006, loss=0.693, acc=0.579, AUC=0.626
2022-11-16 02:14:20,622 - train - INFO -  * In epoch 0006, loss=0.693, acc=0.579, AUC=0.626, Best AUC
2022-11-16 02:14:20,669 - train - INFO -  * In epoch 0007, loss=0.693, acc=0.604, AUC=0.647
2022-11-16 02:14:20,669 - train - INFO -  * In epoch 0007, loss=0.693, acc=0.604, AUC=0.647, Best AUC
2022-11-16 02:14:20,716 - train - INFO -  * In epoch 0008, loss=0.693, acc=0.619, AUC=0.668
2022-11-16 02:14:20,717 - train - INFO -  * In epoch 0008, loss=0.693, acc=0.619, AUC=0.668, Best AUC
2022-11-16 02:14:20,764 - train - INFO -  * In epoch 0009, loss=0.693, acc=0.652, AUC=0.689
2022-11-16 02:14:20,765 - train - INFO -  * In epoch 0009, loss=0.693, acc=0.652, AUC=0.689, Best AUC
2022-11-16 02:14:20,812 - train - INFO -  * In epoch 0010, loss=0.693, acc=0.663, AUC=0.711
2022-11-16 02:14:20,813 - train - INFO -  * In epoch 0010, loss=0.693, acc=0.663, AUC=0.711, Best AUC
2022-11-16 02:14:20,857 - train - INFO -  * In epoch 0011, loss=0.693, acc=0.673, AUC=0.731
2022-11-16 02:14:20,858 - train - INFO -  * In epoch 0011, loss=0.693, acc=0.673, AUC=0.731, Best AUC
2022-11-16 02:14:20,905 - train - INFO -  * In epoch 0012, loss=0.693, acc=0.694, AUC=0.751
2022-11-16 02:14:20,906 - train - INFO -  * In epoch 0012, loss=0.693, acc=0.694, AUC=0.751, Best AUC
2022-11-16 02:14:20,956 - train - INFO -  * In epoch 0013, loss=0.693, acc=0.705, AUC=0.770
2022-11-16 02:14:20,957 - train - INFO -  * In epoch 0013, loss=0.693, acc=0.705, AUC=0.770, Best AUC
2022-11-16 02:14:21,005 - train - INFO -  * In epoch 0014, loss=0.693, acc=0.727, AUC=0.787
2022-11-16 02:14:21,006 - train - INFO -  * In epoch 0014, loss=0.693, acc=0.727, AUC=0.787, Best AUC
2022-11-16 02:14:21,055 - train - INFO -  * In epoch 0015, loss=0.693, acc=0.741, AUC=0.802
2022-11-16 02:14:21,056 - train - INFO -  * In epoch 0015, loss=0.693, acc=0.741, AUC=0.802, Best AUC
2022-11-16 02:14:21,105 - train - INFO -  * In epoch 0016, loss=0.693, acc=0.761, AUC=0.813
2022-11-16 02:14:21,106 - train - INFO -  * In epoch 0016, loss=0.693, acc=0.761, AUC=0.813, Best AUC
2022-11-16 02:14:21,155 - train - INFO -  * In epoch 0017, loss=0.693, acc=0.765, AUC=0.822
2022-11-16 02:14:21,155 - train - INFO -  * In epoch 0017, loss=0.693, acc=0.765, AUC=0.822, Best AUC
2022-11-16 02:14:21,204 - train - INFO -  * In epoch 0018, loss=0.693, acc=0.775, AUC=0.828
2022-11-16 02:14:21,204 - train - INFO -  * In epoch 0018, loss=0.693, acc=0.775, AUC=0.828, Best AUC
2022-11-16 02:14:21,251 - train - INFO -  * In epoch 0019, loss=0.693, acc=0.781, AUC=0.832
2022-11-16 02:14:21,251 - train - INFO -  * In epoch 0019, loss=0.693, acc=0.781, AUC=0.832, Best AUC
2022-11-16 02:14:21,297 - train - INFO -  * In epoch 0020, loss=0.693, acc=0.789, AUC=0.835
2022-11-16 02:14:21,297 - train - INFO -  * In epoch 0020, loss=0.693, acc=0.789, AUC=0.835, Best AUC
2022-11-16 02:14:21,319 - train - INFO - Best Weight Confirmed : 20'th epoch
2022-11-16 02:14:21,319 - root - INFO - [3/3] Model Training - Done
2022-11-16 02:14:21,319 - root - INFO - Task Complete
2022-11-16 02:17:29,170 - root - INFO - Task Started
2022-11-16 02:17:29,170 - root - INFO - [1/4] Data Preparing - Start
2022-11-16 02:17:40,387 - data - INFO - Train Dataset Info
2022-11-16 02:17:40,388 - data - INFO -  * Num. Users    : 7442
2022-11-16 02:17:40,388 - data - INFO -  * Max. UserID   : 7441
2022-11-16 02:17:40,388 - data - INFO -  * Num. Items    : 9454
2022-11-16 02:17:40,388 - data - INFO -  * Num. Records  : 2475962
2022-11-16 02:17:40,388 - data - INFO - Test Dataset Info
2022-11-16 02:17:40,389 - data - INFO -  * Num. Users    : 744
2022-11-16 02:17:40,389 - data - INFO -  * Max. UserID   : 7439
2022-11-16 02:17:40,389 - data - INFO -  * Num. Items    : 444
2022-11-16 02:17:40,389 - data - INFO -  * Num. Records  : 744
2022-11-16 02:17:40,478 - root - INFO - [1/4] Data Preparing - Done
2022-11-16 02:17:40,478 - root - INFO - [2/4] Model Building - Start
2022-11-16 02:17:40,494 - build - INFO - Load model
2022-11-16 02:17:40,501 - root - INFO - [2/4] Model Building - Done
2022-11-16 02:17:40,501 - root - INFO - [3/4] Inference - Start
2022-11-16 02:17:40,505 - root - INFO - [3/4] Inference - Done
2022-11-16 02:17:40,506 - root - INFO - [4/4] Result Dump - Start
2022-11-16 02:17:40,509 - root - INFO - [4/4] Result Dump - Done
2022-11-16 02:17:40,509 - root - INFO - Task Complete
